#
# There is insufficient memory for the Java Runtime Environment to continue.
# Native memory allocation (malloc) failed to allocate 1837136 bytes. Error detail: Chunk::new
# Possible reasons:
#   The system is out of physical RAM or swap space
#   This process is running with CompressedOops enabled, and the Java Heap may be blocking the growth of the native heap
# Possible solutions:
#   Reduce memory load on the system
#   Increase physical memory or swap space
#   Check if swap backing store is full
#   Decrease Java heap size (-Xmx/-Xms)
#   Decrease number of Java threads
#   Decrease Java thread stack sizes (-Xss)
#   Set larger code cache with -XX:ReservedCodeCacheSize=
#   JVM is running with Unscaled Compressed Oops mode in which the Java heap is
#     placed in the first 4GB address space. The Java Heap base address is the
#     maximum limit for the native heap growth. Please use -XX:HeapBaseMinAddress
#     to set the Java Heap base and to place the Java Heap above 4GB virtual address.
# This output file may be truncated or incomplete.
#
#  Out of Memory Error (arena.cpp:168), pid=19352, tid=8412
#
# JRE version: OpenJDK Runtime Environment Temurin-21.0.10+7 (21.0.10+7) (build 21.0.10+7-LTS)
# Java VM: OpenJDK 64-Bit Server VM Temurin-21.0.10+7 (21.0.10+7-LTS, mixed mode, sharing, tiered, compressed oops, compressed class ptrs, parallel gc, windows-amd64)
# No core dump will be written. Minidumps are not enabled by default on client versions of Windows
#

---------------  S U M M A R Y ------------

Command Line: --add-modules=ALL-SYSTEM --add-opens=java.base/java.util=ALL-UNNAMED --add-opens=java.base/java.lang=ALL-UNNAMED --add-opens=java.base/sun.nio.fs=ALL-UNNAMED -Declipse.application=org.eclipse.jdt.ls.core.id1 -Dosgi.bundles.defaultStartLevel=4 -Declipse.product=org.eclipse.jdt.ls.core.product -Djava.import.generatesMetadataFilesAtProjectRoot=false -DDetectVMInstallationsJob.disabled=true -Dfile.encoding=utf8 -XX:+UseParallelGC -XX:GCTimeRatio=4 -XX:AdaptiveSizePolicyWeight=90 -Dsun.zip.disableMemoryMapping=true -Xmx2G -Xms100m -Xlog:disable -javaagent:c:\Users\Asus\.vscode\extensions\redhat.java-1.54.0-win32-x64\lombok\lombok-1.18.39-4050.jar -XX:+HeapDumpOnOutOfMemoryError -XX:HeapDumpPath=c:\Users\Asus\AppData\Roaming\Code\User\workspaceStorage\740f0b2e12810c316fc5d46f13f7a99b\redhat.java -Daether.dependencyCollector.impl=bf c:\Users\Asus\.vscode\extensions\redhat.java-1.54.0-win32-x64\server\plugins\org.eclipse.equinox.launcher_1.7.100.v20251111-0406.jar -configuration c:\Users\Asus\AppData\Roaming\Code\User\globalStorage\redhat.java\1.54.0\config_win -data c:\Users\Asus\AppData\Roaming\Code\User\workspaceStorage\740f0b2e12810c316fc5d46f13f7a99b\redhat.java\jdt_ws --pipe=\\.\pipe\lsp-e40ddb197d1a231449153ad1cce93c71-sock

Host: AMD Ryzen 5 7520U with Radeon Graphics         , 8 cores, 15G,  Windows 11 , 64 bit Build 26100 (10.0.26100.8246)
Time: Fri Apr 17 23:11:18 2026 Hora de Verăo de GMT elapsed time: 30.545498 seconds (0d 0h 0m 30s)

---------------  T H R E A D  ---------------

Current thread (0x0000015aff72bc30):  JavaThread "C2 CompilerThread0" daemon [_thread_in_native, id=8412, stack(0x000000496b600000,0x000000496b700000) (1024K)]


Current CompileTask:
C2:30545 11512   !   4       org.eclipse.jdt.internal.compiler.classfmt.ClassFileReader::<init> (1968 bytes)

Stack: [0x000000496b600000,0x000000496b700000]
Native frames: (J=compiled Java code, j=interpreted, Vv=VM code, C=native code)
V  [jvm.dll+0x6d7a39]
V  [jvm.dll+0x8b4b26]
V  [jvm.dll+0x8b70de]
V  [jvm.dll+0x8b77c3]
V  [jvm.dll+0x284346]
V  [jvm.dll+0xc66ed]
V  [jvm.dll+0xc6c31]
V  [jvm.dll+0x3bec01]
V  [jvm.dll+0x38b162]
V  [jvm.dll+0x38a5aa]
V  [jvm.dll+0x24c560]
V  [jvm.dll+0x24bb40]
V  [jvm.dll+0x1cb34e]
V  [jvm.dll+0x25b85d]
V  [jvm.dll+0x259dea]
V  [jvm.dll+0x3f857e]
V  [jvm.dll+0x85f59d]
V  [jvm.dll+0x6d626d]
C  [ucrtbase.dll+0x37b0]
C  [KERNEL32.DLL+0x2e8d7]
C  [ntdll.dll+0x8c3fc]


---------------  P R O C E S S  ---------------

Threads class SMR info:
_java_thread_list=0x0000015adcd757b0, length=48, elements={
0x0000015afbcad7e0, 0x0000015aff71f8a0, 0x0000015aff721bd0, 0x0000015aff7249b0,
0x0000015aff725510, 0x0000015aff72a390, 0x0000015aff72adf0, 0x0000015aff72bc30,
0x0000015ad9008510, 0x0000015ad91c5c30, 0x0000015ad91f62a0, 0x0000015ad9cb9d80,
0x0000015ad9e8b0a0, 0x0000015ad9d0b810, 0x0000015ad9c94950, 0x0000015ada1decc0,
0x0000015ada91be00, 0x0000015ada287da0, 0x0000015ad96e4850, 0x0000015ad96e5c00,
0x0000015ad96e6920, 0x0000015ad96e6fb0, 0x0000015ad96e7640, 0x0000015ad96e7cd0,
0x0000015ad96e4ee0, 0x0000015ad96e5570, 0x0000015ad96e6290, 0x0000015adae8a1d0,
0x0000015adae8a860, 0x0000015adae88e20, 0x0000015adae8aef0, 0x0000015adae8b580,
0x0000015adae88100, 0x0000015adae8bc10, 0x0000015adae88790, 0x0000015adae8c2a0,
0x0000015adae894b0, 0x0000015adae8cfc0, 0x0000015adc1ba600, 0x0000015adc1bb320,
0x0000015adc1bc040, 0x0000015adc1b8bc0, 0x0000015adae8dce0, 0x0000015ad9a90ac0,
0x0000015ad9a917e0, 0x0000015ad9a8f080, 0x0000015ad9a91e70, 0x0000015ad9a92500
}

Java Threads: ( => current thread )
  0x0000015afbcad7e0 JavaThread "main"                              [_thread_blocked, id=17300, stack(0x000000496ac00000,0x000000496ad00000) (1024K)]
  0x0000015aff71f8a0 JavaThread "Reference Handler"          daemon [_thread_blocked, id=4336, stack(0x000000496b000000,0x000000496b100000) (1024K)]
  0x0000015aff721bd0 JavaThread "Finalizer"                  daemon [_thread_blocked, id=15372, stack(0x000000496b100000,0x000000496b200000) (1024K)]
  0x0000015aff7249b0 JavaThread "Signal Dispatcher"          daemon [_thread_blocked, id=16512, stack(0x000000496b200000,0x000000496b300000) (1024K)]
  0x0000015aff725510 JavaThread "Attach Listener"            daemon [_thread_blocked, id=18672, stack(0x000000496b300000,0x000000496b400000) (1024K)]
  0x0000015aff72a390 JavaThread "Service Thread"             daemon [_thread_blocked, id=15128, stack(0x000000496b400000,0x000000496b500000) (1024K)]
  0x0000015aff72adf0 JavaThread "Monitor Deflation Thread"   daemon [_thread_blocked, id=316, stack(0x000000496b500000,0x000000496b600000) (1024K)]
=>0x0000015aff72bc30 JavaThread "C2 CompilerThread0"         daemon [_thread_in_native, id=8412, stack(0x000000496b600000,0x000000496b700000) (1024K)]
  0x0000015ad9008510 JavaThread "C1 CompilerThread0"         daemon [_thread_blocked, id=17456, stack(0x000000496b700000,0x000000496b800000) (1024K)]
  0x0000015ad91c5c30 JavaThread "Common-Cleaner"             daemon [_thread_blocked, id=9172, stack(0x000000496b800000,0x000000496b900000) (1024K)]
  0x0000015ad91f62a0 JavaThread "Notification Thread"        daemon [_thread_blocked, id=18836, stack(0x000000496b900000,0x000000496ba00000) (1024K)]
  0x0000015ad9cb9d80 JavaThread "Active Thread: Equinox Container: 713fd785-8bb7-4e26-acc4-b4ad8a2f58ce"        [_thread_blocked, id=5400, stack(0x000000496c200000,0x000000496c300000) (1024K)]
  0x0000015ad9e8b0a0 JavaThread "Refresh Thread: Equinox Container: 713fd785-8bb7-4e26-acc4-b4ad8a2f58ce" daemon [_thread_blocked, id=11668, stack(0x000000496c400000,0x000000496c500000) (1024K)]
  0x0000015ad9d0b810 JavaThread "Framework Event Dispatcher: Equinox Container: 713fd785-8bb7-4e26-acc4-b4ad8a2f58ce" daemon [_thread_blocked, id=7420, stack(0x000000496c500000,0x000000496c600000) (1024K)]
  0x0000015ad9c94950 JavaThread "Start Level: Equinox Container: 713fd785-8bb7-4e26-acc4-b4ad8a2f58ce" daemon [_thread_blocked, id=10580, stack(0x000000496c600000,0x000000496c700000) (1024K)]
  0x0000015ada1decc0 JavaThread "Bundle File Closer"         daemon [_thread_blocked, id=19000, stack(0x000000496c700000,0x000000496c800000) (1024K)]
  0x0000015ada91be00 JavaThread "SCR Component Actor"        daemon [_thread_blocked, id=19328, stack(0x000000496ba00000,0x000000496bb00000) (1024K)]
  0x0000015ada287da0 JavaThread "Worker-JM"                         [_thread_blocked, id=16768, stack(0x000000496c900000,0x000000496ca00000) (1024K)]
  0x0000015ad96e4850 JavaThread "Worker-0"                          [_thread_blocked, id=5952, stack(0x000000496c800000,0x000000496c900000) (1024K)]
  0x0000015ad96e5c00 JavaThread "Worker-1: Initialize workspace"        [_thread_blocked, id=1300, stack(0x000000496ca00000,0x000000496cb00000) (1024K)]
  0x0000015ad96e6920 JavaThread "Java indexing"              daemon [_thread_blocked, id=17400, stack(0x000000496cc00000,0x000000496cd00000) (1024K)]
  0x0000015ad96e6fb0 JavaThread "Worker-2"                          [_thread_blocked, id=9240, stack(0x000000496cd00000,0x000000496ce00000) (1024K)]
  0x0000015ad96e7640 JavaThread "Worker-3"                          [_thread_blocked, id=2372, stack(0x000000496ce00000,0x000000496cf00000) (1024K)]
  0x0000015ad96e7cd0 JavaThread "JNA Cleaner"                daemon [_thread_blocked, id=4164, stack(0x000000496cf00000,0x000000496d000000) (1024K)]
  0x0000015ad96e4ee0 JavaThread "Worker-4: Java indexing... "        [_thread_blocked, id=11136, stack(0x000000496d200000,0x000000496d300000) (1024K)]
  0x0000015ad96e5570 JavaThread "Worker-5"                          [_thread_blocked, id=15308, stack(0x000000496d300000,0x000000496d400000) (1024K)]
  0x0000015ad96e6290 JavaThread "Thread-1"                   daemon [_thread_in_native, id=19036, stack(0x000000496d400000,0x000000496d500000) (1024K)]
  0x0000015adae8a1d0 JavaThread "Thread-2"                   daemon [_thread_in_native, id=14496, stack(0x000000496d500000,0x000000496d600000) (1024K)]
  0x0000015adae8a860 JavaThread "Thread-3"                   daemon [_thread_in_native, id=15688, stack(0x000000496d600000,0x000000496d700000) (1024K)]
  0x0000015adae88e20 JavaThread "Thread-4"                   daemon [_thread_in_native, id=18804, stack(0x000000496d700000,0x000000496d800000) (1024K)]
  0x0000015adae8aef0 JavaThread "Thread-5"                   daemon [_thread_in_native, id=17984, stack(0x000000496d800000,0x000000496d900000) (1024K)]
  0x0000015adae8b580 JavaThread "Thread-6"                   daemon [_thread_in_native, id=13752, stack(0x000000496d900000,0x000000496da00000) (1024K)]
  0x0000015adae88100 JavaThread "Thread-7"                   daemon [_thread_in_native, id=14856, stack(0x000000496da00000,0x000000496db00000) (1024K)]
  0x0000015adae8bc10 JavaThread "Thread-8"                   daemon [_thread_in_native, id=18940, stack(0x000000496db00000,0x000000496dc00000) (1024K)]
  0x0000015adae88790 JavaThread "Thread-9"                   daemon [_thread_in_native, id=1400, stack(0x000000496dc00000,0x000000496dd00000) (1024K)]
  0x0000015adae8c2a0 JavaThread "pool-2-thread-1"                   [_thread_blocked, id=6172, stack(0x000000496dd00000,0x000000496de00000) (1024K)]
  0x0000015adae894b0 JavaThread "WorkspaceEventsHandler"            [_thread_blocked, id=9400, stack(0x000000496df00000,0x000000496e000000) (1024K)]
  0x0000015adae8cfc0 JavaThread "pool-1-thread-1"                   [_thread_blocked, id=2124, stack(0x000000496e000000,0x000000496e100000) (1024K)]
  0x0000015adc1ba600 JavaThread "ForkJoinPool.commonPool-worker-1" daemon [_thread_blocked, id=8616, stack(0x000000496e300000,0x000000496e400000) (1024K)]
  0x0000015adc1bb320 JavaThread "ForkJoinPool.commonPool-worker-2" daemon [_thread_blocked, id=844, stack(0x000000496e400000,0x000000496e500000) (1024K)]
  0x0000015adc1bc040 JavaThread "ForkJoinPool.commonPool-worker-3" daemon [_thread_blocked, id=7812, stack(0x000000496e500000,0x000000496e600000) (1024K)]
  0x0000015adc1b8bc0 JavaThread "ForkJoinPool.commonPool-worker-4" daemon [_thread_blocked, id=3604, stack(0x000000496e600000,0x000000496e700000) (1024K)]
  0x0000015adae8dce0 JavaThread "ForkJoinPool.commonPool-worker-5" daemon [_thread_blocked, id=16104, stack(0x000000496e700000,0x000000496e800000) (1024K)]
  0x0000015ad9a90ac0 JavaThread "Compiler Source File Reader" daemon [_thread_blocked, id=13572, stack(0x000000496e200000,0x000000496e300000) (1024K)]
  0x0000015ad9a917e0 JavaThread "Compiler Processing Task"   daemon [_thread_blocked, id=19052, stack(0x000000496e800000,0x000000496e900000) (1024K)]
  0x0000015ad9a8f080 JavaThread "Compiler Class File Writer" daemon [_thread_blocked, id=9112, stack(0x000000496e900000,0x000000496ea00000) (1024K)]
  0x0000015ad9a91e70 JavaThread "Compiler Source File Reader" daemon [_thread_blocked, id=16340, stack(0x000000496ea00000,0x000000496eb00000) (1024K)]
  0x0000015ad9a92500 JavaThread "Compiler Class File Writer" daemon [_thread_blocked, id=9652, stack(0x000000496eb00000,0x000000496ec00000) (1024K)]
Total: 48

Other Threads:
  0x0000015afbd6e780 VMThread "VM Thread"                           [id=16612, stack(0x000000496af00000,0x000000496b000000) (1024K)]
  0x0000015aff63ba00 WatcherThread "VM Periodic Task Thread"        [id=5892, stack(0x000000496ae00000,0x000000496af00000) (1024K)]
  0x0000015afbccbde0 WorkerThread "GC Thread#0"                     [id=15296, stack(0x000000496ad00000,0x000000496ae00000) (1024K)]
  0x0000015ad9aabb50 WorkerThread "GC Thread#1"                     [id=17388, stack(0x000000496bc00000,0x000000496bd00000) (1024K)]
  0x0000015ad9aaac90 WorkerThread "GC Thread#2"                     [id=16048, stack(0x000000496bd00000,0x000000496be00000) (1024K)]
  0x0000015ad9aabf00 WorkerThread "GC Thread#3"                     [id=13356, stack(0x000000496be00000,0x000000496bf00000) (1024K)]
  0x0000015ad9aab040 WorkerThread "GC Thread#4"                     [id=17812, stack(0x000000496bf00000,0x000000496c000000) (1024K)]
  0x0000015ad9aaa8e0 WorkerThread "GC Thread#5"                     [id=6384, stack(0x000000496c000000,0x000000496c100000) (1024K)]
  0x0000015ad9aaa530 WorkerThread "GC Thread#6"                     [id=14592, stack(0x000000496c100000,0x000000496c200000) (1024K)]
  0x0000015ad9aab7a0 WorkerThread "GC Thread#7"                     [id=19156, stack(0x000000496c300000,0x000000496c400000) (1024K)]
Total: 10

Threads with active compile tasks:
C2 CompilerThread0  30580 11512   !   4       org.eclipse.jdt.internal.compiler.classfmt.ClassFileReader::<init> (1968 bytes)
Total: 1

VM state: at safepoint (normal execution)

VM Mutex/Monitor currently owned by a thread:  ([mutex/lock_event])
[0x00007ffcb790e560] Threads_lock - owner thread: 0x0000015afbd6e780
[0x00007ffcb790e660] Heap_lock - owner thread: 0x0000015ad96e6920

Heap address: 0x0000000080000000, size: 2048 MB, Compressed Oops mode: 32-bit

CDS archive(s) mapped at: [0x0000015a93000000-0x0000015a93ba0000-0x0000015a93ba0000), size 12189696, SharedBaseAddress: 0x0000015a93000000, ArchiveRelocationMode: 1.
Compressed class space mapped at: 0x0000015a94000000-0x0000015ad4000000, reserved size: 1073741824
Narrow klass base: 0x0000015a93000000, Narrow klass shift: 0, Narrow klass range: 0x100000000

GC Precious Log:
 CardTable entry size: 512
 CPUs: 8 total, 8 available
 Memory: 15647M
 Large Page Support: Disabled
 NUMA Support: Disabled
 Compressed Oops: Enabled (32-bit)
 Alignments: Space 512K, Generation 512K, Heap 2M
 Heap Min Capacity: 100M
 Heap Initial Capacity: 100M
 Heap Max Capacity: 2G
 Pre-touch: Disabled
 Parallel Workers: 8

Heap:
 PSYoungGen      total 5632K, used 5184K [0x00000000d5580000, 0x00000000d5c00000, 0x0000000100000000)
  eden space 4608K, 100% used [0x00000000d5580000,0x00000000d5a00000,0x00000000d5a00000)
  from space 1024K, 56% used [0x00000000d5b00000,0x00000000d5b90000,0x00000000d5c00000)
  to   space 1024K, 93% used [0x00000000d5a00000,0x00000000d5af0200,0x00000000d5b00000)
 ParOldGen       total 550912K, used 550600K [0x0000000080000000, 0x00000000a1a00000, 0x00000000d5580000)
  object space 550912K, 99% used [0x0000000080000000,0x00000000a19b23d0,0x00000000a1a00000)
 Metaspace       used 66556K, committed 68096K, reserved 1114112K
  class space    used 7224K, committed 7872K, reserved 1048576K

Card table byte_map: [0x0000015afb650000,0x0000015afba60000] _byte_map_base: 0x0000015afb250000

Marking Bits: (ParMarkBitMap*) 0x00007ffcb7913450
 Begin Bits: [0x0000015a8f000000, 0x0000015a91000000)
 End Bits:   [0x0000015a91000000, 0x0000015a93000000)

Polling page: 0x0000015af9d50000

Metaspace:

Usage:
  Non-class:     57.94 MB used.
      Class:      7.06 MB used.
       Both:     65.00 MB used.

Virtual space:
  Non-class space:       64.00 MB reserved,      58.81 MB ( 92%) committed,  1 nodes.
      Class space:        1.00 GB reserved,       7.69 MB ( <1%) committed,  1 nodes.
             Both:        1.06 GB reserved,      66.50 MB (  6%) committed. 

Chunk freelists:
   Non-Class:  4.30 MB
       Class:  8.33 MB
        Both:  12.62 MB

MaxMetaspaceSize: unlimited
CompressedClassSpaceSize: 1.00 GB
Initial GC threshold: 21.00 MB
Current GC threshold: 97.31 MB
CDS: on
 - commit_granule_bytes: 65536.
 - commit_granule_words: 8192.
 - virtual_space_node_default_size: 8388608.
 - enlarge_chunks_in_place: 1.
 - use_allocation_guard: 0.


Internal statistics:

num_allocs_failed_limit: 11.
num_arena_births: 1182.
num_arena_deaths: 46.
num_vsnodes_births: 2.
num_vsnodes_deaths: 0.
num_space_committed: 1064.
num_space_uncommitted: 0.
num_chunks_returned_to_freelist: 67.
num_chunks_taken_from_freelist: 4091.
num_chunk_merges: 17.
num_chunk_splits: 2532.
num_chunks_enlarged: 1486.
num_inconsistent_stats: 0.

CodeHeap 'non-profiled nmethods': size=120000Kb used=8518Kb max_used=8518Kb free=111481Kb
 bounds [0x0000015a87ad0000, 0x0000015a88330000, 0x0000015a8f000000]
CodeHeap 'profiled nmethods': size=120000Kb used=23220Kb max_used=23220Kb free=96779Kb
 bounds [0x0000015a80000000, 0x0000015a816b0000, 0x0000015a87530000]
CodeHeap 'non-nmethods': size=5760Kb used=1462Kb max_used=1538Kb free=4297Kb
 bounds [0x0000015a87530000, 0x0000015a877a0000, 0x0000015a87ad0000]
CodeCache: size=245760Kb, used=33200Kb, max_used=33276Kb, free=212557Kb
 total_blobs=11546, nmethods=10769, adapters=683, full_count=0
Compilation: enabled, stopped_count=0, restarted_count=0

Compilation events (20 events):
Event: 28.861 Thread 0x0000015ad9008510 11506  s    3       sun.security.provider.HashDrbg::generateAlgorithm (188 bytes)
Event: 28.862 Thread 0x0000015ad9008510 nmethod 11506 0x0000015a81695810 code [0x0000015a81695b60, 0x0000015a816979a0]
Event: 28.927 Thread 0x0000015ad9008510 11508       3       org.eclipse.jdt.internal.compiler.util.SimpleLookupTable::<init> (49 bytes)
Event: 28.927 Thread 0x0000015ad9008510 nmethod 11508 0x0000015a81698290 code [0x0000015a81698460, 0x0000015a81698790]
Event: 28.940 Thread 0x0000015ad9008510 11510       3       org.eclipse.jdt.internal.compiler.classfmt.AnnotationInfo::decodeDefaultValue (871 bytes)
Event: 28.943 Thread 0x0000015ad9008510 nmethod 11510 0x0000015a81698890 code [0x0000015a81698e20, 0x0000015a8169cc00]
Event: 28.956 Thread 0x0000015aff72bc30 nmethod 11503 0x0000015a8831db10 code [0x0000015a8831dda0, 0x0000015a8831fab8]
Event: 28.957 Thread 0x0000015aff72bc30 11507       4       org.eclipse.jdt.internal.compiler.classfmt.MethodInfo::decodeTypeAnnotations (88 bytes)
Event: 28.961 Thread 0x0000015aff72bc30 nmethod 11507 0x0000015a88320710 code [0x0000015a883208c0, 0x0000015a88320c58]
Event: 28.961 Thread 0x0000015aff72bc30 11509   !   4       java.io.WinNTFileSystem::getBooleanAttributes (27 bytes)
Event: 28.965 Thread 0x0000015aff72bc30 nmethod 11509 0x0000015a88320e90 code [0x0000015a88321040, 0x0000015a88321190]
Event: 28.984 Thread 0x0000015ad9008510 11511   !   3       org.eclipse.jdt.internal.compiler.classfmt.ClassFileReader::<init> (1968 bytes)
Event: 28.997 Thread 0x0000015ad9008510 nmethod 11511 0x0000015a8169e010 code [0x0000015a8169ea00, 0x0000015a816a6918]
Event: 29.049 Thread 0x0000015aff72bc30 11512   !   4       org.eclipse.jdt.internal.compiler.classfmt.ClassFileReader::<init> (1968 bytes)
Event: 29.172 Thread 0x0000015ad9008510 11514   !   3       java.security.SecureRandom::nextBytes (46 bytes)
Event: 29.173 Thread 0x0000015ad9008510 nmethod 11514 0x0000015a816ac410 code [0x0000015a816ac620, 0x0000015a816acb30]
Event: 29.173 Thread 0x0000015ad9008510 11515       3       sun.security.provider.DRBG::engineNextBytes (9 bytes)
Event: 29.173 Thread 0x0000015ad9008510 nmethod 11515 0x0000015a816ace10 code [0x0000015a816acfc0, 0x0000015a816ad100]
Event: 29.184 Thread 0x0000015ad9008510 11516       1       org.eclipse.jdt.internal.core.index.FileIndexLocation::getIndexFile (5 bytes)
Event: 29.184 Thread 0x0000015ad9008510 nmethod 11516 0x0000015a88321390 code [0x0000015a88321520, 0x0000015a883215e8]

GC Heap History (20 events):
Event: 29.264 GC heap before
{Heap before GC invocations=560 (full 3):
 PSYoungGen      total 5632K, used 5184K [0x00000000d5580000, 0x00000000d5c00000, 0x0000000100000000)
  eden space 4608K, 100% used [0x00000000d5580000,0x00000000d5a00000,0x00000000d5a00000)
  from space 1024K, 56% used [0x00000000d5b00000,0x00000000d5b90000,0x00000000d5c00000)
  to   space 1024K, 0% used [0x00000000d5a00000,0x00000000d5a00000,0x00000000d5b00000)
 ParOldGen       total 545280K, used 545238K [0x0000000080000000, 0x00000000a1480000, 0x00000000d5580000)
  object space 545280K, 99% used [0x0000000080000000,0x00000000a14758b8,0x00000000a1480000)
 Metaspace       used 66556K, committed 68096K, reserved 1114112K
  class space    used 7224K, committed 7872K, reserved 1048576K
}
Event: 29.266 GC heap after
{Heap after GC invocations=560 (full 3):
 PSYoungGen      total 5632K, used 684K [0x00000000d5580000, 0x00000000d5c00000, 0x0000000100000000)
  eden space 4608K, 0% used [0x00000000d5580000,0x00000000d5580000,0x00000000d5a00000)
  from space 1024K, 66% used [0x00000000d5a00000,0x00000000d5aab008,0x00000000d5b00000)
  to   space 1024K, 0% used [0x00000000d5b00000,0x00000000d5b00000,0x00000000d5c00000)
 ParOldGen       total 545792K, used 545774K [0x0000000080000000, 0x00000000a1500000, 0x00000000d5580000)
  object space 545792K, 99% used [0x0000000080000000,0x00000000a14fb8b8,0x00000000a1500000)
 Metaspace       used 66556K, committed 68096K, reserved 1114112K
  class space    used 7224K, committed 7872K, reserved 1048576K
}
Event: 29.282 GC heap before
{Heap before GC invocations=561 (full 3):
 PSYoungGen      total 5632K, used 5290K [0x00000000d5580000, 0x00000000d5c00000, 0x0000000100000000)
  eden space 4608K, 99% used [0x00000000d5580000,0x00000000d59ffa10,0x00000000d5a00000)
  from space 1024K, 66% used [0x00000000d5a00000,0x00000000d5aab008,0x00000000d5b00000)
  to   space 1024K, 0% used [0x00000000d5b00000,0x00000000d5b00000,0x00000000d5c00000)
 ParOldGen       total 545792K, used 545774K [0x0000000080000000, 0x00000000a1500000, 0x00000000d5580000)
  object space 545792K, 99% used [0x0000000080000000,0x00000000a14fb8b8,0x00000000a1500000)
 Metaspace       used 66556K, committed 68096K, reserved 1114112K
  class space    used 7224K, committed 7872K, reserved 1048576K
}
Event: 29.285 GC heap after
{Heap after GC invocations=561 (full 3):
 PSYoungGen      total 5632K, used 685K [0x00000000d5580000, 0x00000000d5c00000, 0x0000000100000000)
  eden space 4608K, 0% used [0x00000000d5580000,0x00000000d5580000,0x00000000d5a00000)
  from space 1024K, 66% used [0x00000000d5b00000,0x00000000d5bab588,0x00000000d5c00000)
  to   space 1024K, 0% used [0x00000000d5a00000,0x00000000d5a00000,0x00000000d5b00000)
 ParOldGen       total 546816K, used 546418K [0x0000000080000000, 0x00000000a1600000, 0x00000000d5580000)
  object space 546816K, 99% used [0x0000000080000000,0x00000000a159c8c0,0x00000000a1600000)
 Metaspace       used 66556K, committed 68096K, reserved 1114112K
  class space    used 7224K, committed 7872K, reserved 1048576K
}
Event: 29.298 GC heap before
{Heap before GC invocations=562 (full 3):
 PSYoungGen      total 5632K, used 5293K [0x00000000d5580000, 0x00000000d5c00000, 0x0000000100000000)
  eden space 4608K, 100% used [0x00000000d5580000,0x00000000d5a00000,0x00000000d5a00000)
  from space 1024K, 66% used [0x00000000d5b00000,0x00000000d5bab588,0x00000000d5c00000)
  to   space 1024K, 0% used [0x00000000d5a00000,0x00000000d5a00000,0x00000000d5b00000)
 ParOldGen       total 546816K, used 546418K [0x0000000080000000, 0x00000000a1600000, 0x00000000d5580000)
  object space 546816K, 99% used [0x0000000080000000,0x00000000a159c8c0,0x00000000a1600000)
 Metaspace       used 66556K, committed 68096K, reserved 1114112K
  class space    used 7224K, committed 7872K, reserved 1048576K
}
Event: 29.300 GC heap after
{Heap after GC invocations=562 (full 3):
 PSYoungGen      total 5632K, used 608K [0x00000000d5580000, 0x00000000d5c00000, 0x0000000100000000)
  eden space 4608K, 0% used [0x00000000d5580000,0x00000000d5580000,0x00000000d5a00000)
  from space 1024K, 59% used [0x00000000d5a00000,0x00000000d5a98000,0x00000000d5b00000)
  to   space 1024K, 0% used [0x00000000d5b00000,0x00000000d5b00000,0x00000000d5c00000)
 ParOldGen       total 547328K, used 546930K [0x0000000080000000, 0x00000000a1680000, 0x00000000d5580000)
  object space 547328K, 99% used [0x0000000080000000,0x00000000a161c8c0,0x00000000a1680000)
 Metaspace       used 66556K, committed 68096K, reserved 1114112K
  class space    used 7224K, committed 7872K, reserved 1048576K
}
Event: 29.313 GC heap before
{Heap before GC invocations=563 (full 3):
 PSYoungGen      total 5632K, used 5206K [0x00000000d5580000, 0x00000000d5c00000, 0x0000000100000000)
  eden space 4608K, 99% used [0x00000000d5580000,0x00000000d59fd938,0x00000000d5a00000)
  from space 1024K, 59% used [0x00000000d5a00000,0x00000000d5a98000,0x00000000d5b00000)
  to   space 1024K, 0% used [0x00000000d5b00000,0x00000000d5b00000,0x00000000d5c00000)
 ParOldGen       total 547328K, used 546930K [0x0000000080000000, 0x00000000a1680000, 0x00000000d5580000)
  object space 547328K, 99% used [0x0000000080000000,0x00000000a161c8c0,0x00000000a1680000)
 Metaspace       used 66556K, committed 68096K, reserved 1114112K
  class space    used 7224K, committed 7872K, reserved 1048576K
}
Event: 29.316 GC heap after
{Heap after GC invocations=563 (full 3):
 PSYoungGen      total 5632K, used 640K [0x00000000d5580000, 0x00000000d5c00000, 0x0000000100000000)
  eden space 4608K, 0% used [0x00000000d5580000,0x00000000d5580000,0x00000000d5a00000)
  from space 1024K, 62% used [0x00000000d5b00000,0x00000000d5ba0000,0x00000000d5c00000)
  to   space 1024K, 0% used [0x00000000d5a00000,0x00000000d5a00000,0x00000000d5b00000)
 ParOldGen       total 547840K, used 547458K [0x0000000080000000, 0x00000000a1700000, 0x00000000d5580000)
  object space 547840K, 99% used [0x0000000080000000,0x00000000a16a08c0,0x00000000a1700000)
 Metaspace       used 66556K, committed 68096K, reserved 1114112K
  class space    used 7224K, committed 7872K, reserved 1048576K
}
Event: 29.332 GC heap before
{Heap before GC invocations=564 (full 3):
 PSYoungGen      total 5632K, used 5248K [0x00000000d5580000, 0x00000000d5c00000, 0x0000000100000000)
  eden space 4608K, 100% used [0x00000000d5580000,0x00000000d5a00000,0x00000000d5a00000)
  from space 1024K, 62% used [0x00000000d5b00000,0x00000000d5ba0000,0x00000000d5c00000)
  to   space 1024K, 0% used [0x00000000d5a00000,0x00000000d5a00000,0x00000000d5b00000)
 ParOldGen       total 547840K, used 547458K [0x0000000080000000, 0x00000000a1700000, 0x00000000d5580000)
  object space 547840K, 99% used [0x0000000080000000,0x00000000a16a08c0,0x00000000a1700000)
 Metaspace       used 66556K, committed 68096K, reserved 1114112K
  class space    used 7224K, committed 7872K, reserved 1048576K
}
Event: 29.334 GC heap after
{Heap after GC invocations=564 (full 3):
 PSYoungGen      total 5632K, used 640K [0x00000000d5580000, 0x00000000d5c00000, 0x0000000100000000)
  eden space 4608K, 0% used [0x00000000d5580000,0x00000000d5580000,0x00000000d5a00000)
  from space 1024K, 62% used [0x00000000d5a00000,0x00000000d5aa0000,0x00000000d5b00000)
  to   space 1024K, 0% used [0x00000000d5b00000,0x00000000d5b00000,0x00000000d5c00000)
 ParOldGen       total 548352K, used 547906K [0x0000000080000000, 0x00000000a1780000, 0x00000000d5580000)
  object space 548352K, 99% used [0x0000000080000000,0x00000000a17108c0,0x00000000a1780000)
 Metaspace       used 66556K, committed 68096K, reserved 1114112K
  class space    used 7224K, committed 7872K, reserved 1048576K
}
Event: 29.355 GC heap before
{Heap before GC invocations=565 (full 3):
 PSYoungGen      total 5632K, used 5248K [0x00000000d5580000, 0x00000000d5c00000, 0x0000000100000000)
  eden space 4608K, 100% used [0x00000000d5580000,0x00000000d5a00000,0x00000000d5a00000)
  from space 1024K, 62% used [0x00000000d5a00000,0x00000000d5aa0000,0x00000000d5b00000)
  to   space 1024K, 0% used [0x00000000d5b00000,0x00000000d5b00000,0x00000000d5c00000)
 ParOldGen       total 548352K, used 547906K [0x0000000080000000, 0x00000000a1780000, 0x00000000d5580000)
  object space 548352K, 99% used [0x0000000080000000,0x00000000a17108c0,0x00000000a1780000)
 Metaspace       used 66556K, committed 68096K, reserved 1114112K
  class space    used 7224K, committed 7872K, reserved 1048576K
}
Event: 29.357 GC heap after
{Heap after GC invocations=565 (full 3):
 PSYoungGen      total 5632K, used 824K [0x00000000d5580000, 0x00000000d5c00000, 0x0000000100000000)
  eden space 4608K, 0% used [0x00000000d5580000,0x00000000d5580000,0x00000000d5a00000)
  from space 1024K, 80% used [0x00000000d5b00000,0x00000000d5bce008,0x00000000d5c00000)
  to   space 1024K, 0% used [0x00000000d5a00000,0x00000000d5a00000,0x00000000d5b00000)
 ParOldGen       total 548864K, used 548384K [0x0000000080000000, 0x00000000a1800000, 0x00000000d5580000)
  object space 548864K, 99% used [0x0000000080000000,0x00000000a17883c8,0x00000000a1800000)
 Metaspace       used 66556K, committed 68096K, reserved 1114112K
  class space    used 7224K, committed 7872K, reserved 1048576K
}
Event: 29.371 GC heap before
{Heap before GC invocations=566 (full 3):
 PSYoungGen      total 5632K, used 5432K [0x00000000d5580000, 0x00000000d5c00000, 0x0000000100000000)
  eden space 4608K, 100% used [0x00000000d5580000,0x00000000d5a00000,0x00000000d5a00000)
  from space 1024K, 80% used [0x00000000d5b00000,0x00000000d5bce008,0x00000000d5c00000)
  to   space 1024K, 0% used [0x00000000d5a00000,0x00000000d5a00000,0x00000000d5b00000)
 ParOldGen       total 548864K, used 548384K [0x0000000080000000, 0x00000000a1800000, 0x00000000d5580000)
  object space 548864K, 99% used [0x0000000080000000,0x00000000a17883c8,0x00000000a1800000)
 Metaspace       used 66556K, committed 68096K, reserved 1114112K
  class space    used 7224K, committed 7872K, reserved 1048576K
}
Event: 29.374 GC heap after
{Heap after GC invocations=566 (full 3):
 PSYoungGen      total 5632K, used 608K [0x00000000d5580000, 0x00000000d5c00000, 0x0000000100000000)
  eden space 4608K, 0% used [0x00000000d5580000,0x00000000d5580000,0x00000000d5a00000)
  from space 1024K, 59% used [0x00000000d5a00000,0x00000000d5a98000,0x00000000d5b00000)
  to   space 1024K, 0% used [0x00000000d5b00000,0x00000000d5b00000,0x00000000d5c00000)
 ParOldGen       total 549376K, used 549072K [0x0000000080000000, 0x00000000a1880000, 0x00000000d5580000)
  object space 549376K, 99% used [0x0000000080000000,0x00000000a18343d0,0x00000000a1880000)
 Metaspace       used 66556K, committed 68096K, reserved 1114112K
  class space    used 7224K, committed 7872K, reserved 1048576K
}
Event: 29.388 GC heap before
{Heap before GC invocations=567 (full 3):
 PSYoungGen      total 5632K, used 5216K [0x00000000d5580000, 0x00000000d5c00000, 0x0000000100000000)
  eden space 4608K, 100% used [0x00000000d5580000,0x00000000d5a00000,0x00000000d5a00000)
  from space 1024K, 59% used [0x00000000d5a00000,0x00000000d5a98000,0x00000000d5b00000)
  to   space 1024K, 0% used [0x00000000d5b00000,0x00000000d5b00000,0x00000000d5c00000)
 ParOldGen       total 549376K, used 549072K [0x0000000080000000, 0x00000000a1880000, 0x00000000d5580000)
  object space 549376K, 99% used [0x0000000080000000,0x00000000a18343d0,0x00000000a1880000)
 Metaspace       used 66556K, committed 68096K, reserved 1114112K
  class space    used 7224K, committed 7872K, reserved 1048576K
}
Event: 29.392 GC heap after
{Heap after GC invocations=567 (full 3):
 PSYoungGen      total 5632K, used 608K [0x00000000d5580000, 0x00000000d5c00000, 0x0000000100000000)
  eden space 4608K, 0% used [0x00000000d5580000,0x00000000d5580000,0x00000000d5a00000)
  from space 1024K, 59% used [0x00000000d5b00000,0x00000000d5b98000,0x00000000d5c00000)
  to   space 1024K, 0% used [0x00000000d5a00000,0x00000000d5a00000,0x00000000d5b00000)
 ParOldGen       total 549888K, used 549576K [0x0000000080000000, 0x00000000a1900000, 0x00000000d5580000)
  object space 549888K, 99% used [0x0000000080000000,0x00000000a18b23d0,0x00000000a1900000)
 Metaspace       used 66556K, committed 68096K, reserved 1114112K
  class space    used 7224K, committed 7872K, reserved 1048576K
}
Event: 29.429 GC heap before
{Heap before GC invocations=568 (full 3):
 PSYoungGen      total 5632K, used 5216K [0x00000000d5580000, 0x00000000d5c00000, 0x0000000100000000)
  eden space 4608K, 100% used [0x00000000d5580000,0x00000000d5a00000,0x00000000d5a00000)
  from space 1024K, 59% used [0x00000000d5b00000,0x00000000d5b98000,0x00000000d5c00000)
  to   space 1024K, 0% used [0x00000000d5a00000,0x00000000d5a00000,0x00000000d5b00000)
 ParOldGen       total 549888K, used 549576K [0x0000000080000000, 0x00000000a1900000, 0x00000000d5580000)
  object space 549888K, 99% used [0x0000000080000000,0x00000000a18b23d0,0x00000000a1900000)
 Metaspace       used 66556K, committed 68096K, reserved 1114112K
  class space    used 7224K, committed 7872K, reserved 1048576K
}
Event: 29.441 GC heap after
{Heap after GC invocations=568 (full 3):
 PSYoungGen      total 5632K, used 576K [0x00000000d5580000, 0x00000000d5c00000, 0x0000000100000000)
  eden space 4608K, 0% used [0x00000000d5580000,0x00000000d5580000,0x00000000d5a00000)
  from space 1024K, 56% used [0x00000000d5a00000,0x00000000d5a90000,0x00000000d5b00000)
  to   space 1024K, 0% used [0x00000000d5b00000,0x00000000d5b00000,0x00000000d5c00000)
 ParOldGen       total 550400K, used 550064K [0x0000000080000000, 0x00000000a1980000, 0x00000000d5580000)
  object space 550400K, 99% used [0x0000000080000000,0x00000000a192c3d0,0x00000000a1980000)
 Metaspace       used 66556K, committed 68096K, reserved 1114112K
  class space    used 7224K, committed 7872K, reserved 1048576K
}
Event: 29.486 GC heap before
{Heap before GC invocations=569 (full 3):
 PSYoungGen      total 5632K, used 5184K [0x00000000d5580000, 0x00000000d5c00000, 0x0000000100000000)
  eden space 4608K, 100% used [0x00000000d5580000,0x00000000d5a00000,0x00000000d5a00000)
  from space 1024K, 56% used [0x00000000d5a00000,0x00000000d5a90000,0x00000000d5b00000)
  to   space 1024K, 0% used [0x00000000d5b00000,0x00000000d5b00000,0x00000000d5c00000)
 ParOldGen       total 550400K, used 550064K [0x0000000080000000, 0x00000000a1980000, 0x00000000d5580000)
  object space 550400K, 99% used [0x0000000080000000,0x00000000a192c3d0,0x00000000a1980000)
 Metaspace       used 66556K, committed 68096K, reserved 1114112K
  class space    used 7224K, committed 7872K, reserved 1048576K
}
Event: 29.491 GC heap after
{Heap after GC invocations=569 (full 3):
 PSYoungGen      total 5632K, used 576K [0x00000000d5580000, 0x00000000d5c00000, 0x0000000100000000)
  eden space 4608K, 0% used [0x00000000d5580000,0x00000000d5580000,0x00000000d5a00000)
  from space 1024K, 56% used [0x00000000d5b00000,0x00000000d5b90000,0x00000000d5c00000)
  to   space 1024K, 0% used [0x00000000d5a00000,0x00000000d5a00000,0x00000000d5b00000)
 ParOldGen       total 550912K, used 550536K [0x0000000080000000, 0x00000000a1a00000, 0x00000000d5580000)
  object space 550912K, 99% used [0x0000000080000000,0x00000000a19a23d0,0x00000000a1a00000)
 Metaspace       used 66556K, committed 68096K, reserved 1114112K
  class space    used 7224K, committed 7872K, reserved 1048576K
}

Dll operation events (14 events):
Event: 0.019 Loaded shared library c:\Users\Asus\.vscode\extensions\redhat.java-1.54.0-win32-x64\jre\21.0.10-win32-x86_64\bin\java.dll
Event: 0.111 Loaded shared library c:\Users\Asus\.vscode\extensions\redhat.java-1.54.0-win32-x64\jre\21.0.10-win32-x86_64\bin\zip.dll
Event: 0.145 Loaded shared library C:\Users\Asus\.vscode\extensions\redhat.java-1.54.0-win32-x64\jre\21.0.10-win32-x86_64\bin\instrument.dll
Event: 0.160 Loaded shared library C:\Users\Asus\.vscode\extensions\redhat.java-1.54.0-win32-x64\jre\21.0.10-win32-x86_64\bin\net.dll
Event: 0.163 Loaded shared library C:\Users\Asus\.vscode\extensions\redhat.java-1.54.0-win32-x64\jre\21.0.10-win32-x86_64\bin\nio.dll
Event: 0.168 Loaded shared library C:\Users\Asus\.vscode\extensions\redhat.java-1.54.0-win32-x64\jre\21.0.10-win32-x86_64\bin\zip.dll
Event: 0.196 Loaded shared library C:\Users\Asus\.vscode\extensions\redhat.java-1.54.0-win32-x64\jre\21.0.10-win32-x86_64\bin\jimage.dll
Event: 0.308 Loaded shared library c:\Users\Asus\.vscode\extensions\redhat.java-1.54.0-win32-x64\jre\21.0.10-win32-x86_64\bin\verify.dll
Event: 2.518 Loaded shared library C:\Users\Asus\AppData\Roaming\Code\User\globalStorage\redhat.java\1.54.0\config_win\org.eclipse.equinox.launcher\org.eclipse.equinox.launcher.win32.win32.x86_64_1.3.0.v20260203-2149\eclipse_11919.dll
Event: 6.356 Loaded shared library C:\Users\Asus\.vscode\extensions\redhat.java-1.54.0-win32-x64\jre\21.0.10-win32-x86_64\bin\management.dll
Event: 6.364 Loaded shared library C:\Users\Asus\.vscode\extensions\redhat.java-1.54.0-win32-x64\jre\21.0.10-win32-x86_64\bin\management_ext.dll
Event: 8.754 Loaded shared library C:\Users\Asus\AppData\Local\Temp\jna-2050672\jna7568453631568468901.dll
Event: 9.621 Loaded shared library C:\Users\Asus\.vscode\extensions\redhat.java-1.54.0-win32-x64\jre\21.0.10-win32-x86_64\bin\sunmscapi.dll
Event: 9.928 Loaded shared library C:\Users\Asus\.vscode\extensions\redhat.java-1.54.0-win32-x64\jre\21.0.10-win32-x86_64\bin\extnet.dll

Deoptimization events (20 events):
Event: 29.322 Thread 0x0000015ad96e6920 DEOPT PACKING pc=0x0000015a816a4d72 sp=0x000000496ccfef40
Event: 29.322 Thread 0x0000015ad96e6920 DEOPT UNPACKING pc=0x0000015a87584242 sp=0x000000496ccfe4b8 mode 0
Event: 29.335 Thread 0x0000015ad96e6920 DEOPT PACKING pc=0x0000015a816a4d72 sp=0x000000496ccfef40
Event: 29.336 Thread 0x0000015ad96e6920 DEOPT UNPACKING pc=0x0000015a87584242 sp=0x000000496ccfe4b8 mode 0
Event: 29.345 Thread 0x0000015ad96e6920 DEOPT PACKING pc=0x0000015a816a4d72 sp=0x000000496ccfef40
Event: 29.345 Thread 0x0000015ad96e6920 DEOPT UNPACKING pc=0x0000015a87584242 sp=0x000000496ccfe4b8 mode 0
Event: 29.360 Thread 0x0000015ad96e6920 DEOPT PACKING pc=0x0000015a816a4d72 sp=0x000000496ccfef40
Event: 29.360 Thread 0x0000015ad96e6920 DEOPT UNPACKING pc=0x0000015a87584242 sp=0x000000496ccfe4b8 mode 0
Event: 29.369 Thread 0x0000015ad96e6920 DEOPT PACKING pc=0x0000015a816a4d72 sp=0x000000496ccfef40
Event: 29.369 Thread 0x0000015ad96e6920 DEOPT UNPACKING pc=0x0000015a87584242 sp=0x000000496ccfe4b8 mode 0
Event: 29.380 Thread 0x0000015ad96e6920 DEOPT PACKING pc=0x0000015a816a4d72 sp=0x000000496ccfef40
Event: 29.380 Thread 0x0000015ad96e6920 DEOPT UNPACKING pc=0x0000015a87584242 sp=0x000000496ccfe4b8 mode 0
Event: 29.393 Thread 0x0000015ad96e6920 DEOPT PACKING pc=0x0000015a816a4d72 sp=0x000000496ccfef40
Event: 29.393 Thread 0x0000015ad96e6920 DEOPT UNPACKING pc=0x0000015a87584242 sp=0x000000496ccfe4b8 mode 0
Event: 29.409 Thread 0x0000015ad96e6920 DEOPT PACKING pc=0x0000015a816a4d72 sp=0x000000496ccfef40
Event: 29.409 Thread 0x0000015ad96e6920 DEOPT UNPACKING pc=0x0000015a87584242 sp=0x000000496ccfe4b8 mode 0
Event: 29.445 Thread 0x0000015ad96e6920 DEOPT PACKING pc=0x0000015a816a4d72 sp=0x000000496ccfef40
Event: 29.445 Thread 0x0000015ad96e6920 DEOPT UNPACKING pc=0x0000015a87584242 sp=0x000000496ccfe4b8 mode 0
Event: 29.491 Thread 0x0000015ad96e6920 DEOPT PACKING pc=0x0000015a816a4d72 sp=0x000000496ccfef40
Event: 29.491 Thread 0x0000015ad96e6920 DEOPT UNPACKING pc=0x0000015a87584242 sp=0x000000496ccfe4b8 mode 0

Classes loaded (20 events):
Event: 18.106 Loading class java/util/stream/ReduceOps$4
Event: 18.106 Loading class java/util/stream/ReduceOps$4 done
Event: 18.106 Loading class java/util/stream/ReduceOps$4ReducingSink
Event: 18.107 Loading class java/util/stream/ReduceOps$4ReducingSink done
Event: 18.109 Loading class java/nio/file/Files$2
Event: 18.110 Loading class java/nio/file/Files$2 done
Event: 18.245 Loading class jdk/internal/module/IllegalAccessLogger
Event: 18.245 Loading class jdk/internal/module/IllegalAccessLogger done
Event: 18.260 Loading class java/util/concurrent/ArrayBlockingQueue
Event: 18.261 Loading class java/util/concurrent/ArrayBlockingQueue done
Event: 18.402 Loading class java/util/Hashtable$ValueCollection
Event: 18.403 Loading class java/util/Hashtable$ValueCollection done
Event: 18.411 Loading class java/util/concurrent/ConcurrentHashMap$KeySpliterator
Event: 18.412 Loading class java/util/concurrent/ConcurrentHashMap$KeySpliterator done
Event: 18.541 Loading class jdk/internal/module/IllegalAccessLogger
Event: 18.541 Loading class jdk/internal/module/IllegalAccessLogger done
Event: 18.971 Loading class java/io/CharArrayWriter
Event: 18.972 Loading class java/io/CharArrayWriter done
Event: 18.981 Loading class java/nio/file/attribute/PosixFileAttributes
Event: 18.982 Loading class java/nio/file/attribute/PosixFileAttributes done

Classes unloaded (20 events):
Event: 7.600 Thread 0x0000015afbd6e780 Unloading class 0x0000015a941a8800 'java/lang/invoke/LambdaForm$MH+0x0000015a941a8800'
Event: 7.600 Thread 0x0000015afbd6e780 Unloading class 0x0000015a941a8400 'java/lang/invoke/LambdaForm$BMH+0x0000015a941a8400'
Event: 7.600 Thread 0x0000015afbd6e780 Unloading class 0x0000015a941a8000 'java/lang/invoke/LambdaForm$DMH+0x0000015a941a8000'
Event: 7.600 Thread 0x0000015afbd6e780 Unloading class 0x0000015a941a6c00 'java/lang/invoke/LambdaForm$DMH+0x0000015a941a6c00'
Event: 9.478 Thread 0x0000015afbd6e780 Unloading class 0x0000015a94308400 'java/lang/invoke/LambdaForm$MH+0x0000015a94308400'
Event: 9.478 Thread 0x0000015afbd6e780 Unloading class 0x0000015a94307800 'java/lang/invoke/LambdaForm$MH+0x0000015a94307800'
Event: 9.478 Thread 0x0000015afbd6e780 Unloading class 0x0000015a94307000 'java/lang/invoke/LambdaForm$MH+0x0000015a94307000'
Event: 9.478 Thread 0x0000015afbd6e780 Unloading class 0x0000015a94306800 'java/lang/invoke/LambdaForm$MH+0x0000015a94306800'
Event: 9.478 Thread 0x0000015afbd6e780 Unloading class 0x0000015a94306400 'java/lang/invoke/LambdaForm$DMH+0x0000015a94306400'
Event: 9.478 Thread 0x0000015afbd6e780 Unloading class 0x0000015a94305800 'java/lang/invoke/LambdaForm$MH+0x0000015a94305800'
Event: 9.478 Thread 0x0000015afbd6e780 Unloading class 0x0000015a94302400 'java/lang/invoke/LambdaForm$MH+0x0000015a94302400'
Event: 9.478 Thread 0x0000015afbd6e780 Unloading class 0x0000015a94301000 'java/lang/invoke/LambdaForm$MH+0x0000015a94301000'
Event: 9.478 Thread 0x0000015afbd6e780 Unloading class 0x0000015a94300800 'java/lang/invoke/LambdaForm$MH+0x0000015a94300800'
Event: 9.478 Thread 0x0000015afbd6e780 Unloading class 0x0000015a942fbc00 'java/lang/invoke/LambdaForm$MH+0x0000015a942fbc00'
Event: 9.478 Thread 0x0000015afbd6e780 Unloading class 0x0000015a942fb400 'java/lang/invoke/LambdaForm$MH+0x0000015a942fb400'
Event: 16.449 Thread 0x0000015afbd6e780 Unloading class 0x0000015a94650c00 'java/lang/invoke/LambdaForm$DMH+0x0000015a94650c00'
Event: 16.449 Thread 0x0000015afbd6e780 Unloading class 0x0000015a94650800 'java/lang/invoke/LambdaForm$DMH+0x0000015a94650800'
Event: 16.449 Thread 0x0000015afbd6e780 Unloading class 0x0000015a94650400 'java/lang/invoke/LambdaForm$DMH+0x0000015a94650400'
Event: 16.449 Thread 0x0000015afbd6e780 Unloading class 0x0000015a94650000 'java/lang/invoke/LambdaForm$DMH+0x0000015a94650000'
Event: 16.449 Thread 0x0000015afbd6e780 Unloading class 0x0000015a945dc800 'java/lang/invoke/LambdaForm$DMH+0x0000015a945dc800'

Classes redefined (0 events):
No events

Internal exceptions (20 events):
Event: 25.409 Thread 0x0000015ad96e6920 Exception <a 'sun/nio/fs/WindowsException'{0x00000000d55c3eb8}> (0x00000000d55c3eb8) 
thrown [s\src\hotspot\share\prims\jni.cpp, line 520]
Event: 25.460 Thread 0x0000015ad96e6920 Exception <a 'sun/nio/fs/WindowsException'{0x00000000d57cc320}> (0x00000000d57cc320) 
thrown [s\src\hotspot\share\prims\jni.cpp, line 520]
Event: 28.184 Thread 0x0000015ad96e6920 Exception <a 'sun/nio/fs/WindowsException'{0x00000000d5622228}> (0x00000000d5622228) 
thrown [s\src\hotspot\share\prims\jni.cpp, line 520]
Event: 28.197 Thread 0x0000015ad96e6920 Exception <a 'sun/nio/fs/WindowsException'{0x00000000d55d3618}> (0x00000000d55d3618) 
thrown [s\src\hotspot\share\prims\jni.cpp, line 520]
Event: 28.218 Thread 0x0000015ad96e6920 Exception <a 'sun/nio/fs/WindowsException'{0x00000000d56dd948}> (0x00000000d56dd948) 
thrown [s\src\hotspot\share\prims\jni.cpp, line 520]
Event: 28.266 Thread 0x0000015ad96e6920 Exception <a 'sun/nio/fs/WindowsException'{0x00000000d55f3378}> (0x00000000d55f3378) 
thrown [s\src\hotspot\share\prims\jni.cpp, line 520]
Event: 28.280 Thread 0x0000015ad96e6920 Exception <a 'sun/nio/fs/WindowsException'{0x00000000d55ce3f0}> (0x00000000d55ce3f0) 
thrown [s\src\hotspot\share\prims\jni.cpp, line 520]
Event: 28.384 Thread 0x0000015ad96e6920 Exception <a 'sun/nio/fs/WindowsException'{0x00000000d59f9bc8}> (0x00000000d59f9bc8) 
thrown [s\src\hotspot\share\prims\jni.cpp, line 520]
Event: 28.409 Thread 0x0000015ad96e6920 Exception <a 'sun/nio/fs/WindowsException'{0x00000000d558b3e0}> (0x00000000d558b3e0) 
thrown [s\src\hotspot\share\prims\jni.cpp, line 520]
Event: 28.418 Thread 0x0000015ad96e6920 Exception <a 'sun/nio/fs/WindowsException'{0x00000000d5630150}> (0x00000000d5630150) 
thrown [s\src\hotspot\share\prims\jni.cpp, line 520]
Event: 28.431 Thread 0x0000015ad96e6920 Exception <a 'sun/nio/fs/WindowsException'{0x00000000d58ded68}> (0x00000000d58ded68) 
thrown [s\src\hotspot\share\prims\jni.cpp, line 520]
Event: 28.442 Thread 0x0000015ad96e6920 Exception <a 'sun/nio/fs/WindowsException'{0x00000000d5667350}> (0x00000000d5667350) 
thrown [s\src\hotspot\share\prims\jni.cpp, line 520]
Event: 28.448 Thread 0x0000015ad96e6920 Exception <a 'sun/nio/fs/WindowsException'{0x00000000d56a95b0}> (0x00000000d56a95b0) 
thrown [s\src\hotspot\share\prims\jni.cpp, line 520]
Event: 28.477 Thread 0x0000015ad96e6920 Exception <a 'sun/nio/fs/WindowsException'{0x00000000d56bb520}> (0x00000000d56bb520) 
thrown [s\src\hotspot\share\prims\jni.cpp, line 520]
Event: 28.859 Thread 0x0000015ad96e6920 Exception <a 'sun/nio/fs/WindowsException'{0x00000000d589e4e0}> (0x00000000d589e4e0) 
thrown [s\src\hotspot\share\prims\jni.cpp, line 520]
Event: 28.925 Thread 0x0000015ad96e6920 Exception <a 'sun/nio/fs/WindowsException'{0x00000000d594ef58}> (0x00000000d594ef58) 
thrown [s\src\hotspot\share\prims\jni.cpp, line 520]
Event: 28.979 Thread 0x0000015ad96e6920 Exception <a 'sun/nio/fs/WindowsException'{0x00000000d5688928}> (0x00000000d5688928) 
thrown [s\src\hotspot\share\prims\jni.cpp, line 520]
Event: 29.111 Thread 0x0000015ad96e6920 Exception <a 'sun/nio/fs/WindowsException'{0x00000000d5939a48}> (0x00000000d5939a48) 
thrown [s\src\hotspot\share\prims\jni.cpp, line 520]
Event: 29.169 Thread 0x0000015ad96e6920 Exception <a 'sun/nio/fs/WindowsException'{0x00000000d56920f8}> (0x00000000d56920f8) 
thrown [s\src\hotspot\share\prims\jni.cpp, line 520]
Event: 29.182 Thread 0x0000015ad96e6920 Exception <a 'sun/nio/fs/WindowsException'{0x00000000d5827f18}> (0x00000000d5827f18) 
thrown [s\src\hotspot\share\prims\jni.cpp, line 520]

ZGC Phase Switch (0 events):
No events

VM Operations (20 events):
Event: 29.264 Executing safepoint VM operation: ParallelGCFailedAllocation (Allocation Failure)
Event: 29.266 Executing safepoint VM operation: ParallelGCFailedAllocation (Allocation Failure) done
Event: 29.282 Executing safepoint VM operation: ParallelGCFailedAllocation (Allocation Failure)
Event: 29.285 Executing safepoint VM operation: ParallelGCFailedAllocation (Allocation Failure) done
Event: 29.298 Executing safepoint VM operation: ParallelGCFailedAllocation (Allocation Failure)
Event: 29.300 Executing safepoint VM operation: ParallelGCFailedAllocation (Allocation Failure) done
Event: 29.313 Executing safepoint VM operation: ParallelGCFailedAllocation (Allocation Failure)
Event: 29.316 Executing safepoint VM operation: ParallelGCFailedAllocation (Allocation Failure) done
Event: 29.332 Executing safepoint VM operation: ParallelGCFailedAllocation (Allocation Failure)
Event: 29.334 Executing safepoint VM operation: ParallelGCFailedAllocation (Allocation Failure) done
Event: 29.355 Executing safepoint VM operation: ParallelGCFailedAllocation (Allocation Failure)
Event: 29.357 Executing safepoint VM operation: ParallelGCFailedAllocation (Allocation Failure) done
Event: 29.371 Executing safepoint VM operation: ParallelGCFailedAllocation (Allocation Failure)
Event: 29.374 Executing safepoint VM operation: ParallelGCFailedAllocation (Allocation Failure) done
Event: 29.388 Executing safepoint VM operation: ParallelGCFailedAllocation (Allocation Failure)
Event: 29.392 Executing safepoint VM operation: ParallelGCFailedAllocation (Allocation Failure) done
Event: 29.429 Executing safepoint VM operation: ParallelGCFailedAllocation (Allocation Failure)
Event: 29.441 Executing safepoint VM operation: ParallelGCFailedAllocation (Allocation Failure) done
Event: 29.486 Executing safepoint VM operation: ParallelGCFailedAllocation (Allocation Failure)
Event: 29.491 Executing safepoint VM operation: ParallelGCFailedAllocation (Allocation Failure) done

Memory protections (0 events):
No events

Nmethod flushes (20 events):
Event: 16.472 Thread 0x0000015afbd6e780 flushing  nmethod 0x0000015a807fd290
Event: 16.472 Thread 0x0000015afbd6e780 flushing  nmethod 0x0000015a8083cf10
Event: 16.472 Thread 0x0000015afbd6e780 flushing  nmethod 0x0000015a8083ee10
Event: 16.472 Thread 0x0000015afbd6e780 flushing  nmethod 0x0000015a8084df10
Event: 16.472 Thread 0x0000015afbd6e780 flushing  nmethod 0x0000015a8084f310
Event: 16.472 Thread 0x0000015afbd6e780 flushing  nmethod 0x0000015a8084f910
Event: 16.472 Thread 0x0000015afbd6e780 flushing  nmethod 0x0000015a80850190
Event: 16.472 Thread 0x0000015afbd6e780 flushing  nmethod 0x0000015a80852c10
Event: 16.472 Thread 0x0000015afbd6e780 flushing  nmethod 0x0000015a8086c710
Event: 16.472 Thread 0x0000015afbd6e780 flushing  nmethod 0x0000015a80887f10
Event: 16.472 Thread 0x0000015afbd6e780 flushing  nmethod 0x0000015a8089dc90
Event: 16.472 Thread 0x0000015afbd6e780 flushing  nmethod 0x0000015a808a1690
Event: 16.472 Thread 0x0000015afbd6e780 flushing  nmethod 0x0000015a808cc190
Event: 16.472 Thread 0x0000015afbd6e780 flushing  nmethod 0x0000015a808d5790
Event: 16.472 Thread 0x0000015afbd6e780 flushing  nmethod 0x0000015a808dd010
Event: 16.472 Thread 0x0000015afbd6e780 flushing  nmethod 0x0000015a808dee90
Event: 16.472 Thread 0x0000015afbd6e780 flushing  nmethod 0x0000015a808df290
Event: 16.472 Thread 0x0000015afbd6e780 flushing  nmethod 0x0000015a808eb110
Event: 16.472 Thread 0x0000015afbd6e780 flushing  nmethod 0x0000015a80916290
Event: 16.472 Thread 0x0000015afbd6e780 flushing  nmethod 0x0000015a80917610

Events (20 events):
Event: 18.822 Thread 0x0000015ad9a8f710 Thread exited: 0x0000015ad9a8f710
Event: 18.822 Thread 0x0000015ad9a92b90 Thread exited: 0x0000015ad9a92b90
Event: 18.823 Thread 0x0000015ad9a952f0 Thread exited: 0x0000015ad9a952f0
Event: 18.823 Thread 0x0000015ad9a8fda0 Thread exited: 0x0000015ad9a8fda0
Event: 18.823 Thread 0x0000015ad9a93220 Thread exited: 0x0000015ad9a93220
Event: 19.817 Thread 0x0000015ad9610760 Thread exited: 0x0000015ad9610760
Event: 20.298 Thread 0x0000015ada2ff040 Thread exited: 0x0000015ada2ff040
Event: 20.772 Thread 0x0000015adae8d650 Thread exited: 0x0000015adae8d650
Event: 21.321 Thread 0x0000015ad9008510 Thread added: 0x0000015addbd41b0
Event: 21.322 Thread 0x0000015ad9008510 Thread added: 0x0000015addbd4880
Event: 21.766 Thread 0x0000015addbd4880 Thread exited: 0x0000015addbd4880
Event: 21.766 Thread 0x0000015addbd41b0 Thread exited: 0x0000015addbd41b0
Event: 21.978 Thread 0x0000015aff72bc30 Thread added: 0x0000015adee61da0
Event: 23.374 Thread 0x0000015adee61da0 Thread exited: 0x0000015adee61da0
Event: 23.666 Thread 0x0000015ad9008510 Thread added: 0x0000015adef72320
Event: 24.259 Thread 0x0000015adef72320 Thread exited: 0x0000015adef72320
Event: 24.349 Thread 0x0000015ad9008510 Thread added: 0x0000015adeacae00
Event: 24.349 Thread 0x0000015ad9008510 Thread added: 0x0000015adbb909c0
Event: 26.522 Thread 0x0000015adbb909c0 Thread exited: 0x0000015adbb909c0
Event: 28.186 Thread 0x0000015adeacae00 Thread exited: 0x0000015adeacae00


Dynamic libraries:
0x00007ff75b9f0000 - 0x00007ff75b9fe000 	c:\Users\Asus\.vscode\extensions\redhat.java-1.54.0-win32-x64\jre\21.0.10-win32-x86_64\bin\java.exe
0x00007ffd2dc00000 - 0x00007ffd2de67000 	C:\WINDOWS\SYSTEM32\ntdll.dll
0x00007ffd2cf50000 - 0x00007ffd2d019000 	C:\WINDOWS\System32\KERNEL32.DLL
0x00007ffd2a600000 - 0x00007ffd2a9f4000 	C:\WINDOWS\System32\KERNELBASE.dll
0x00007ffd2aab0000 - 0x00007ffd2abfb000 	C:\WINDOWS\System32\ucrtbase.dll
0x00007ffd19cd0000 - 0x00007ffd19ce8000 	c:\Users\Asus\.vscode\extensions\redhat.java-1.54.0-win32-x64\jre\21.0.10-win32-x86_64\bin\jli.dll
0x00007ffd19cb0000 - 0x00007ffd19cce000 	c:\Users\Asus\.vscode\extensions\redhat.java-1.54.0-win32-x64\jre\21.0.10-win32-x86_64\bin\VCRUNTIME140.dll
0x00007ffd2bad0000 - 0x00007ffd2bc95000 	C:\WINDOWS\System32\USER32.dll
0x00007ffd2b8a0000 - 0x00007ffd2b8c7000 	C:\WINDOWS\System32\win32u.dll
0x00007ffd2ca00000 - 0x00007ffd2ca2b000 	C:\WINDOWS\System32\GDI32.dll
0x00007ffd13bc0000 - 0x00007ffd13e53000 	C:\WINDOWS\WinSxS\amd64_microsoft.windows.common-controls_6595b64144ccf1df_6.0.26100.8115_none_3e075c82e3354f9c\COMCTL32.dll
0x00007ffd2a4d0000 - 0x00007ffd2a5fb000 	C:\WINDOWS\System32\gdi32full.dll
0x00007ffd2aa00000 - 0x00007ffd2aaa3000 	C:\WINDOWS\System32\msvcp_win.dll
0x00007ffd2d020000 - 0x00007ffd2d0c9000 	C:\WINDOWS\System32\msvcrt.dll
0x00007ffd2c790000 - 0x00007ffd2c7c2000 	C:\WINDOWS\System32\IMM32.DLL
0x00007ffd1b5a0000 - 0x00007ffd1b5ac000 	c:\Users\Asus\.vscode\extensions\redhat.java-1.54.0-win32-x64\jre\21.0.10-win32-x86_64\bin\vcruntime140_1.dll
0x00007ffcfd6f0000 - 0x00007ffcfd77d000 	c:\Users\Asus\.vscode\extensions\redhat.java-1.54.0-win32-x64\jre\21.0.10-win32-x86_64\bin\msvcp140.dll
0x00007ffcb6c50000 - 0x00007ffcb79f1000 	c:\Users\Asus\.vscode\extensions\redhat.java-1.54.0-win32-x64\jre\21.0.10-win32-x86_64\bin\server\jvm.dll
0x00007ffd2c860000 - 0x00007ffd2c916000 	C:\WINDOWS\System32\ADVAPI32.dll
0x00007ffd2bf40000 - 0x00007ffd2bfe7000 	C:\WINDOWS\System32\sechost.dll
0x00007ffd2d2f0000 - 0x00007ffd2d408000 	C:\WINDOWS\System32\RPCRT4.dll
0x00007ffd2ca30000 - 0x00007ffd2cab0000 	C:\WINDOWS\System32\WS2_32.dll
0x00007ffd2a330000 - 0x00007ffd2a38e000 	C:\WINDOWS\SYSTEM32\POWRPROF.dll
0x00007ffd1fef0000 - 0x00007ffd1ff26000 	C:\WINDOWS\SYSTEM32\WINMM.dll
0x00007ffd1fd20000 - 0x00007ffd1fd2b000 	C:\WINDOWS\SYSTEM32\VERSION.dll
0x00007ffd2a310000 - 0x00007ffd2a324000 	C:\WINDOWS\SYSTEM32\UMPDC.dll
0x00007ffd29260000 - 0x00007ffd2927b000 	C:\WINDOWS\SYSTEM32\kernel.appcore.dll
0x00007ffd19ae0000 - 0x00007ffd19aea000 	c:\Users\Asus\.vscode\extensions\redhat.java-1.54.0-win32-x64\jre\21.0.10-win32-x86_64\bin\jimage.dll
0x00007ffd1a9f0000 - 0x00007ffd1ac32000 	C:\WINDOWS\SYSTEM32\DBGHELP.DLL
0x00007ffd2d410000 - 0x00007ffd2d792000 	C:\WINDOWS\System32\combase.dll
0x00007ffd2c920000 - 0x00007ffd2c9f8000 	C:\WINDOWS\System32\OLEAUT32.dll
0x00007ffd113c0000 - 0x00007ffd113fb000 	C:\WINDOWS\SYSTEM32\dbgcore.DLL
0x00007ffd2b500000 - 0x00007ffd2b5a5000 	C:\WINDOWS\System32\bcryptPrimitives.dll
0x00007ffd19ad0000 - 0x00007ffd19adf000 	c:\Users\Asus\.vscode\extensions\redhat.java-1.54.0-win32-x64\jre\21.0.10-win32-x86_64\bin\instrument.dll
0x00007ffd172a0000 - 0x00007ffd172c0000 	c:\Users\Asus\.vscode\extensions\redhat.java-1.54.0-win32-x64\jre\21.0.10-win32-x86_64\bin\java.dll
0x00007ffd2bff0000 - 0x00007ffd2c757000 	C:\WINDOWS\System32\SHELL32.dll
0x00007ffd2b5b0000 - 0x00007ffd2b71a000 	C:\WINDOWS\System32\wintypes.dll
0x00007ffd2ac00000 - 0x00007ffd2b468000 	C:\WINDOWS\System32\windows.storage.dll
0x00007ffd2d950000 - 0x00007ffd2da48000 	C:\WINDOWS\System32\SHCORE.dll
0x00007ffd2da50000 - 0x00007ffd2dab6000 	C:\WINDOWS\System32\shlwapi.dll
0x00007ffd2a3f0000 - 0x00007ffd2a419000 	C:\WINDOWS\SYSTEM32\profapi.dll
0x00007ffd14680000 - 0x00007ffd14698000 	c:\Users\Asus\.vscode\extensions\redhat.java-1.54.0-win32-x64\jre\21.0.10-win32-x86_64\bin\zip.dll
0x00007ffd144c0000 - 0x00007ffd144d0000 	C:\Users\Asus\.vscode\extensions\redhat.java-1.54.0-win32-x64\jre\21.0.10-win32-x86_64\bin\net.dll
0x00007ffd20170000 - 0x00007ffd2029d000 	C:\WINDOWS\SYSTEM32\WINHTTP.dll
0x00007ffd297d0000 - 0x00007ffd2983c000 	C:\WINDOWS\system32\mswsock.dll
0x00007ffd136d0000 - 0x00007ffd136e6000 	C:\Users\Asus\.vscode\extensions\redhat.java-1.54.0-win32-x64\jre\21.0.10-win32-x86_64\bin\nio.dll
0x00007ffd13800000 - 0x00007ffd13810000 	c:\Users\Asus\.vscode\extensions\redhat.java-1.54.0-win32-x64\jre\21.0.10-win32-x86_64\bin\verify.dll
0x00007ffd1e6d0000 - 0x00007ffd1e715000 	C:\Users\Asus\AppData\Roaming\Code\User\globalStorage\redhat.java\1.54.0\config_win\org.eclipse.equinox.launcher\org.eclipse.equinox.launcher.win32.win32.x86_64_1.3.0.v20260203-2149\eclipse_11919.dll
0x00007ffd2d150000 - 0x00007ffd2d2e7000 	C:\WINDOWS\System32\ole32.dll
0x00007ffd1e5c0000 - 0x00007ffd1e5ca000 	C:\Users\Asus\.vscode\extensions\redhat.java-1.54.0-win32-x64\jre\21.0.10-win32-x86_64\bin\management.dll
0x00007ffd1e5b0000 - 0x00007ffd1e5bc000 	C:\Users\Asus\.vscode\extensions\redhat.java-1.54.0-win32-x64\jre\21.0.10-win32-x86_64\bin\management_ext.dll
0x00007ffd2bf30000 - 0x00007ffd2bf38000 	C:\WINDOWS\System32\PSAPI.DLL
0x00007ffd29ab0000 - 0x00007ffd29acb000 	C:\WINDOWS\SYSTEM32\CRYPTSP.dll
0x00007ffd291c0000 - 0x00007ffd291f9000 	C:\WINDOWS\system32\rsaenh.dll
0x00007ffd29880000 - 0x00007ffd298b3000 	C:\WINDOWS\SYSTEM32\USERENV.dll
0x00007ffd2a3c0000 - 0x00007ffd2a3ea000 	C:\WINDOWS\SYSTEM32\bcrypt.dll
0x00007ffd29ad0000 - 0x00007ffd29adc000 	C:\WINDOWS\SYSTEM32\CRYPTBASE.dll
0x00007ffd28c40000 - 0x00007ffd28c72000 	C:\WINDOWS\SYSTEM32\IPHLPAPI.DLL
0x00007ffd2bd40000 - 0x00007ffd2bd4a000 	C:\WINDOWS\System32\NSI.dll
0x00007ffcfcf50000 - 0x00007ffcfcf99000 	C:\Users\Asus\AppData\Local\Temp\jna-2050672\jna7568453631568468901.dll
0x00007ffd24150000 - 0x00007ffd2416d000 	C:\WINDOWS\SYSTEM32\dhcpcsvc6.DLL
0x00007ffd24120000 - 0x00007ffd24145000 	C:\WINDOWS\SYSTEM32\dhcpcsvc.DLL
0x00007ffd1e640000 - 0x00007ffd1e64e000 	C:\Users\Asus\.vscode\extensions\redhat.java-1.54.0-win32-x64\jre\21.0.10-win32-x86_64\bin\sunmscapi.dll
0x00007ffd2b720000 - 0x00007ffd2b897000 	C:\WINDOWS\System32\CRYPT32.dll
0x00007ffd29cd0000 - 0x00007ffd29d00000 	C:\WINDOWS\SYSTEM32\ncrypt.dll
0x00007ffd29c80000 - 0x00007ffd29cbf000 	C:\WINDOWS\SYSTEM32\NTASN1.dll
0x00007ffd28cd0000 - 0x00007ffd28e02000 	C:\WINDOWS\SYSTEM32\DNSAPI.dll
0x00007ffd1fb80000 - 0x00007ffd1fb8b000 	C:\Windows\System32\rasadhlp.dll
0x00007ffd24360000 - 0x00007ffd243e6000 	C:\WINDOWS\System32\fwpuclnt.dll
0x00007ffd1e650000 - 0x00007ffd1e659000 	C:\Users\Asus\.vscode\extensions\redhat.java-1.54.0-win32-x64\jre\21.0.10-win32-x86_64\bin\extnet.dll

JVMTI agents:
c:\Users\Asus\.vscode\extensions\redhat.java-1.54.0-win32-x64\lombok\lombok-1.18.39-4050.jar path:c:\Users\Asus\.vscode\extensions\redhat.java-1.54.0-win32-x64\jre\21.0.10-win32-x86_64\bin\instrument.dll, loaded, initialized, instrumentlib options:none

dbghelp: loaded successfully - version: 4.0.5 - missing functions: none
symbol engine: initialized successfully - sym options: 0x614 - pdb path: .;c:\Users\Asus\.vscode\extensions\redhat.java-1.54.0-win32-x64\jre\21.0.10-win32-x86_64\bin;C:\WINDOWS\SYSTEM32;C:\WINDOWS\WinSxS\amd64_microsoft.windows.common-controls_6595b64144ccf1df_6.0.26100.8115_none_3e075c82e3354f9c;c:\Users\Asus\.vscode\extensions\redhat.java-1.54.0-win32-x64\jre\21.0.10-win32-x86_64\bin\server;C:\Users\Asus\AppData\Roaming\Code\User\globalStorage\redhat.java\1.54.0\config_win\org.eclipse.equinox.launcher\org.eclipse.equinox.launcher.win32.win32.x86_64_1.3.0.v20260203-2149;C:\Users\Asus\AppData\Local\Temp\jna-2050672

VM Arguments:
jvm_args: --add-modules=ALL-SYSTEM --add-opens=java.base/java.util=ALL-UNNAMED --add-opens=java.base/java.lang=ALL-UNNAMED --add-opens=java.base/sun.nio.fs=ALL-UNNAMED -Declipse.application=org.eclipse.jdt.ls.core.id1 -Dosgi.bundles.defaultStartLevel=4 -Declipse.product=org.eclipse.jdt.ls.core.product -Djava.import.generatesMetadataFilesAtProjectRoot=false -DDetectVMInstallationsJob.disabled=true -Dfile.encoding=utf8 -XX:+UseParallelGC -XX:GCTimeRatio=4 -XX:AdaptiveSizePolicyWeight=90 -Dsun.zip.disableMemoryMapping=true -Xmx2G -Xms100m -Xlog:disable -javaagent:c:\Users\Asus\.vscode\extensions\redhat.java-1.54.0-win32-x64\lombok\lombok-1.18.39-4050.jar -XX:+HeapDumpOnOutOfMemoryError -XX:HeapDumpPath=c:\Users\Asus\AppData\Roaming\Code\User\workspaceStorage\740f0b2e12810c316fc5d46f13f7a99b\redhat.java -Daether.dependencyCollector.impl=bf 
java_command: c:\Users\Asus\.vscode\extensions\redhat.java-1.54.0-win32-x64\server\plugins\org.eclipse.equinox.launcher_1.7.100.v20251111-0406.jar -configuration c:\Users\Asus\AppData\Roaming\Code\User\globalStorage\redhat.java\1.54.0\config_win -data c:\Users\Asus\AppData\Roaming\Code\User\workspaceStorage\740f0b2e12810c316fc5d46f13f7a99b\redhat.java\jdt_ws --pipe=\\.\pipe\lsp-e40ddb197d1a231449153ad1cce93c71-sock
java_class_path (initial): c:\Users\Asus\.vscode\extensions\redhat.java-1.54.0-win32-x64\server\plugins\org.eclipse.equinox.launcher_1.7.100.v20251111-0406.jar
Launcher Type: SUN_STANDARD

[Global flags]
    uintx AdaptiveSizePolicyWeight                 = 90                                        {product} {command line}
     intx CICompilerCount                          = 4                                         {product} {ergonomic}
    uintx GCTimeRatio                              = 4                                         {product} {command line}
     bool HeapDumpOnOutOfMemoryError               = true                                   {manageable} {command line}
    ccstr HeapDumpPath                             = c:\Users\Asus\AppData\Roaming\Code\User\workspaceStorage\740f0b2e12810c316fc5d46f13f7a99b\redhat.java         {manageable} {command line}
   size_t InitialHeapSize                          = 104857600                                 {product} {command line}
   size_t MaxHeapSize                              = 2147483648                                {product} {command line}
   size_t MaxNewSize                               = 715653120                                 {product} {ergonomic}
   size_t MinHeapDeltaBytes                        = 524288                                    {product} {ergonomic}
   size_t MinHeapSize                              = 104857600                                 {product} {command line}
   size_t NewSize                                  = 34603008                                  {product} {ergonomic}
    uintx NonNMethodCodeHeapSize                   = 5839372                                {pd product} {ergonomic}
    uintx NonProfiledCodeHeapSize                  = 122909434                              {pd product} {ergonomic}
   size_t OldSize                                  = 70254592                                  {product} {ergonomic}
    uintx ProfiledCodeHeapSize                     = 122909434                              {pd product} {ergonomic}
    uintx ReservedCodeCacheSize                    = 251658240                              {pd product} {ergonomic}
     bool SegmentedCodeCache                       = true                                      {product} {ergonomic}
   size_t SoftMaxHeapSize                          = 2147483648                             {manageable} {ergonomic}
     bool UseCompressedOops                        = true                           {product lp64_product} {ergonomic}
     bool UseLargePagesIndividualAllocation        = false                                  {pd product} {ergonomic}
     bool UseParallelGC                            = true                                      {product} {command line}

Logging:
Log output configuration:
 #0: stdout all=off uptime,level,tags foldmultilines=false
 #1: stderr all=off uptime,level,tags foldmultilines=false

Release file:
JAVA_VERSION="21.0.10" 
MODULES="java.base java.compiler java.datatransfer java.xml java.prefs java.desktop java.instrument java.logging java.management java.security.sasl java.naming java.rmi java.management.rmi java.net.http java.scripting java.security.jgss java.transaction.xa java.sql java.sql.rowset java.xml.crypto java.se java.smartcardio jdk.accessibility jdk.internal.jvmstat jdk.attach jdk.charsets jdk.internal.opt jdk.zipfs jdk.compiler jdk.crypto.ec jdk.crypto.cryptoki jdk.crypto.mscapi jdk.dynalink jdk.internal.ed jdk.editpad jdk.hotspot.agent jdk.httpserver jdk.internal.le jdk.internal.vm.ci jdk.internal.vm.compiler jdk.internal.vm.compiler.management jdk.jartool jdk.javadoc jdk.jcmd jdk.management jdk.management.agent jdk.jconsole jdk.jdeps jdk.jdwp.agent jdk.jdi jdk.jfr jdk.jshell jdk.jsobject jdk.jstatd jdk.localedata jdk.management.jfr jdk.naming.dns jdk.naming.rmi jdk.net jdk.nio.mapmode jdk.random jdk.sctp jdk.security.auth jdk.security.jgss jdk.unsupported jdk.unsupported.desktop jdk.xml.dom" 

Environment Variables:
JAVA_HOME=D:\Program Files (x86)\jdk-21.0.10.7-hotspot
PATH=C:\Program Files\Microsoft MPI\Bin\;C:\Program Files\Eclipse Adoptium\jre-21.0.4.7-hotspot\bin;C:\WINDOWS\system32;C:\WINDOWS;C:\WINDOWS\System32\Wbem;C:\WINDOWS\System32\WindowsPowerShell\v1.0\;C:\WINDOWS\System32\OpenSSH\;C:\Program Files (x86)\Microsoft SQL Server\160\Tools\Binn\;C:\Program Files\Microsoft SQL Server\160\Tools\Binn\;C:\Program Files\Microsoft SQL Server\Client SDK\ODBC\170\Tools\Binn\;C:\Program Files\Microsoft SQL Server\160\DTS\Binn\;C:\Program Files\Git\cmd;C:\Program Files\GitExtensions\;C:\Program Files\dotnet\;C:\MinGW\bin;C:\Program Files\Microsoft SQL Server\170\Tools\Binn\;%NVM_HOME%;%NVM_SYMLINK%;D:\Program Files (x86)\jdk-21.0.10.7-hotspot\bin;C:\Users\Asus\AppData\Local\Microsoft\WindowsApps;C:\Users\Asus\AppData\Roaming\npm;C:\Users\Asus\AppData\Local\Programs\Microsoft VS Code\bin;C:\MinGW\bin;D:\Program Files\IntelliJ IDEA Community Edition 2025.2.6.1\bin;D:\Program Files (x86)\apache-maven-3.9.13\bin;C:\Users\Asus\AppData\Roaming\nvm;C:\Program Files\nodejs;C:\Users\Asus\.dotnet\tools
USERNAME=Asus
OS=Windows_NT
PROCESSOR_IDENTIFIER=AMD64 Family 23 Model 160 Stepping 0, AuthenticAMD
TMP=C:\Users\Asus\AppData\Local\Temp
TEMP=C:\Users\Asus\AppData\Local\Temp




Periodic native trim disabled

---------------  S Y S T E M  ---------------

OS:
 Windows 11 , 64 bit Build 26100 (10.0.26100.8246)
OS uptime: 0 days 4:38 hours
Hyper-V role detected

CPU: total 8 (initial active 8) (8 cores per cpu, 2 threads per core) family 23 model 160 stepping 0 microcode 0x8a00006, cx8, cmov, fxsr, ht, mmx, 3dnowpref, sse, sse2, sse3, ssse3, sse4a, sse4.1, sse4.2, popcnt, lzcnt, tsc, tscinvbit, avx, avx2, aes, clmul, bmi1, bmi2, adx, sha, fma, vzeroupper, clflush, clflushopt, hv, rdtscp, rdpid, f16c
Processor Information for the first 8 processors :
  Max Mhz: 2801, Current Mhz: 2801, Mhz Limit: 2801

Memory: 4k page, system-wide physical 15647M (4630M free)
TotalPageFile size 17695M (AvailPageFile size 46M)
current process WorkingSet (physical memory assigned to process): 919M, peak: 919M
current process commit charge ("private bytes"): 861M, peak: 861M

vm_info: OpenJDK 64-Bit Server VM (21.0.10+7-LTS) for windows-amd64 JRE (21.0.10+7-LTS), built on 2026-01-20T00:00:00Z by "admin" with MS VC++ 17.12 (VS2022)

END.
